2020-06-25 22:27:46 {TC1} (main:) login successfully
2020-06-25 22:31:59 {TC1} (main:) login successfully
2020-06-25 22:35:01 {TC1} (main:) login successfully
2020-06-25 22:37:13 {TC1} (main:) login successfully
2020-06-25 22:40:23 {TC1} (main:) login successfully
2020-06-25 22:45:48 {TC1} (main:) login successfully
2020-06-25 22:49:04 {TC1} (main:) login successfully
2020-06-25 22:49:15 {TC1} (main:) Click on trending successfully
2020-06-25 22:56:24 {TC1} (main:) login successfully
2020-06-25 22:56:35 {TC1} (main:) Click on trending successfully
2020-06-25 22:58:59 {TC1} (main:) login successfully
2020-06-25 22:59:10 {TC1} (main:) Click on trending successfully
2020-06-25 23:45:48 {TC2} (main:) login successfully
2020-06-25 23:45:59 {TC2} (main:) Click on subscription successfully
2020-06-25 23:46:16 {TC2} (main:) logout successfully
2020-06-25 23:57:42 {TC6} (main:) login successfully of TC6
2020-06-25 23:58:18 {TC7} (main:) login successfully 
2020-06-25 23:59:09 {TC7} (main:) comment successfully 
2020-06-25 23:59:26 {TC7} (main:) logout successfully 
2020-06-25 23:59:50 {TC4} (main:) login successfully of TC4
2020-06-26 00:00:00 {TC4} (main:) click on library successfully of TC4
2020-06-26 00:00:17 {TC4} (main:) logout successfully of TC4
2020-06-26 00:00:40 {TC5} (main:) login successfully of TC5
2020-06-26 00:00:51 {TC5} (main:) video play successfully of TC5
2020-06-26 00:00:54 {TC5} (main:) video like successfully of TC5
2020-06-26 00:01:12 {TC5} (main:) logout successfully of TC5
2020-06-26 00:01:35 {TC2} (main:) login successfully of TC2
2020-06-26 00:01:45 {TC2} (main:) Click on subscription successfully of TC2
2020-06-26 00:02:02 {TC2} (main:) logout successfully of TC2
2020-06-26 00:02:26 {TC3} (main:) login successfully of TC3
2020-06-26 00:02:36 {TC3} (main:) Click on history successfully of TC3
2020-06-26 00:02:53 {TC3} (main:) logout successfully of TC3
2020-06-26 00:04:45 {TC1} (main:) login successfully
2020-06-26 00:04:56 {TC1} (main:) Click on trending successfully
2020-06-26 00:05:13 {TC1} (main:) signout successfully
2020-06-26 00:08:18 {TC6} (main:) login successfully of TC6
2020-06-26 00:08:31 {TC6} (main:) subscribe successfully of TC6
2020-06-26 00:08:49 {TC6} (main:) logout successfully of TC6
2020-06-26 00:11:15 {TC6} (main:) login successfully of TC6
2020-06-26 00:11:28 {TC6} (main:) subscribe successfully of TC6
2020-06-26 00:11:46 {TC6} (main:) logout successfully of TC6
2020-06-26 00:12:09 {TC7} (main:) login successfully 
2020-06-26 00:13:00 {TC7} (main:) comment successfully 
2020-06-26 00:13:17 {TC7} (main:) logout successfully 
2020-06-26 00:13:40 {TC4} (main:) login successfully of TC4
2020-06-26 00:13:51 {TC4} (main:) click on library successfully of TC4
2020-06-26 00:14:08 {TC4} (main:) logout successfully of TC4
2020-06-26 00:14:37 {TC5} (main:) login successfully of TC5
2020-06-26 00:14:48 {TC5} (main:) video play successfully of TC5
2020-06-26 00:14:51 {TC5} (main:) video like successfully of TC5
2020-06-26 00:15:07 {TC5} (main:) logout successfully of TC5
2020-06-26 00:15:31 {TC2} (main:) login successfully of TC2
2020-06-26 00:15:42 {TC2} (main:) Click on subscription successfully of TC2
2020-06-26 00:15:58 {TC2} (main:) logout successfully of TC2
2020-06-26 00:16:22 {TC3} (main:) login successfully of TC3
2020-06-26 00:16:32 {TC3} (main:) Click on history successfully of TC3
2020-06-26 00:16:49 {TC3} (main:) logout successfully of TC3
2020-06-26 00:17:12 {TC1} (main:) login successfully
2020-06-26 00:17:23 {TC1} (main:) Click on trending successfully
2020-06-26 00:17:40 {TC1} (main:) signout successfully
2020-06-26 00:23:10 {TC3} (main:) login successfully of TC3
2020-06-26 00:23:20 {TC3} (main:) Click on history successfully of TC3
2020-06-26 00:23:37 {TC3} (main:) logout successfully of TC3
2020-06-26 00:27:38 {TC3} (main:) login successfully of TC3
2020-06-26 00:27:51 {TC3} (main:) Click on history successfully of TC3
2020-06-26 00:28:07 {TC3} (main:) logout successfully of TC3
2020-06-26 00:49:32 {TC1} (main:) login successfully
2020-06-26 00:51:01 {TC1} (main:) login successfully
2020-06-26 00:52:23 {TC1} (main:) login successfully
2020-06-26 00:52:33 {TC1} (main:) Click on trending successfully
2020-06-26 00:52:50 {TC1} (main:) signout successfully
2020-06-26 00:56:27 {TC1} (main:) login successfully
2020-06-26 00:56:37 {TC1} (main:) Click on trending successfully
2020-06-26 00:56:54 {TC1} (main:) signout successfully
2020-06-26 01:00:09 {TC1} (main:) login successfully
2020-06-26 01:00:19 {TC1} (main:) Click on trending successfully
2020-06-26 01:00:36 {TC1} (main:) signout successfully
2020-06-26 01:03:44 {TC1} (main:) login successfully
2020-06-26 01:03:54 {TC1} (main:) Click on trending successfully
2020-06-26 01:04:11 {TC1} (main:) signout successfully
2020-06-26 01:05:33 {TC1} (main:) login successfully
2020-06-26 01:05:44 {TC1} (main:) Click on trending successfully
2020-06-26 01:06:01 {TC1} (main:) signout successfully
2020-06-26 11:57:03 {TC1} (main:) login successfully
2020-06-26 11:57:14 {TC1} (main:) Click on trending successfully
2020-06-26 11:57:31 {TC1} (main:) signout successfully
2020-06-26 12:00:57 {TC1} (main:) login successfully
2020-06-26 12:01:08 {TC1} (main:) Click on trending successfully
2020-06-26 12:01:25 {TC1} (main:) signout successfully
2020-06-26 12:02:40 {TC1} (main:) login successfully
2020-06-26 12:02:51 {TC1} (main:) Click on trending successfully
2020-06-26 12:03:09 {TC1} (main:) signout successfully
2020-06-27 00:53:28 {TC1} (main:) login successfully
2020-06-27 00:53:39 {TC1} (main:) Click on trending successfully
2020-06-27 00:53:57 {TC1} (main:) signout successfully
2020-07-02 22:26:06 {TC1} (main:) login successfully
2020-07-02 22:26:16 {TC1} (main:) Click on trending successfully
2020-07-02 22:26:34 {TC1} (main:) signout successfully
2020-07-02 22:28:11 {TC1} (main:) login successfully
2020-07-02 22:28:22 {TC1} (main:) Click on trending successfully
2020-07-02 22:28:38 {TC1} (main:) signout successfully
2020-07-02 22:29:55 {TC1} (main:) login successfully
2020-07-02 22:30:06 {TC1} (main:) Click on trending successfully
2020-07-02 22:30:23 {TC1} (main:) signout successfully
2020-07-02 22:52:21 {TC1} (main:) login successfully
2020-07-02 22:52:32 {TC1} (main:) Click on trending successfully
2020-07-02 22:52:48 {TC1} (main:) signout successfully
2020-07-02 23:09:36 {TC1} (main:) login successfully
2020-07-02 23:09:47 {TC1} (main:) Click on trending successfully
2020-07-02 23:10:04 {TC1} (main:) signout successfully
2020-07-02 23:13:32 {TC1} (main:) login successfully
2020-07-02 23:13:43 {TC1} (main:) Click on trending successfully
2020-07-02 23:14:00 {TC1} (main:) signout successfully
2020-07-03 13:35:12 {TC1} (main:) login successfully
2020-07-03 13:35:23 {TC1} (main:) Click on trending successfully
2020-07-03 13:35:41 {TC1} (main:) signout successfully
2020-07-03 13:38:32 {TC1} (main:) login successfully
2020-07-03 13:38:44 {TC1} (main:) Click on trending successfully
2020-07-03 13:39:04 {TC1} (main:) signout successfully
2020-07-03 13:40:26 {TC1} (main:) login successfully
2020-07-03 13:40:37 {TC1} (main:) Click on trending successfully
2020-07-03 13:40:56 {TC1} (main:) signout successfully
2020-07-03 13:45:26 {TC1} (main:) login successfully
2020-07-03 13:45:39 {TC1} (main:) Click on trending successfully
2020-07-03 13:45:59 {TC1} (main:) signout successfully
2020-07-03 14:13:21 {TC1} (main:) login successfully
2020-07-03 14:13:33 {TC1} (main:) Click on trending successfully
2020-07-03 14:13:50 {TC1} (main:) signout successfully
2020-07-03 14:17:01 {TC1} (main:) login successfully
2020-07-03 14:17:13 {TC1} (main:) Click on trending successfully
2020-07-03 14:17:30 {TC1} (main:) signout successfully
2020-07-03 14:23:45 {TC1} (main:) login successfully
2020-07-03 14:23:57 {TC1} (main:) Click on trending successfully
2020-07-03 14:24:15 {TC1} (main:) signout successfully
2020-07-03 14:29:56 {TC1} (main:) login successfully
2020-07-03 14:30:08 {TC1} (main:) Click on trending successfully
2020-07-03 14:30:26 {TC1} (main:) signout successfully
2020-07-03 14:53:20 {TC1} (main:) login successfully
2020-07-03 14:53:32 {TC1} (main:) Click on trending successfully
2020-07-03 14:53:49 {TC1} (main:) signout successfully
2020-07-03 14:55:11 {TC1} (main:) login successfully
2020-07-03 14:55:23 {TC1} (main:) Click on trending successfully
2020-07-03 14:55:40 {TC1} (main:) signout successfully
2020-07-03 20:01:12 {TC1} (main:) login successfully
2020-07-03 20:01:24 {TC1} (main:) Click on trending successfully
2020-07-03 20:01:41 {TC1} (main:) signout successfully
2020-07-03 20:06:38 {TC2} (main:) login successfully of TC2
2020-07-03 20:06:49 {TC2} (main:) Click on subscription successfully of TC2
2020-07-03 20:07:06 {TC2} (main:) logout successfully of TC2
2020-07-03 20:12:54 {TC1} (main:) login successfully
2020-07-03 20:13:06 {TC1} (main:) Click on trending successfully
2020-07-03 20:13:23 {TC1} (main:) signout successfully
